Error sending image: RPCError 400: TOPIC_CLOSED (caused by SendMediaRequest)
Error sending image: RPCError 400: TOPIC_CLOSED (caused by SendMediaRequest)
Ошибка отправки help image: RPCError 400: TOPIC_CLOSED (caused by SendMediaRequest)
Ошибка отправки help image: RPCError 400: TOPIC_CLOSED (caused by SendMediaRequest)
Ошибка отправки help image: RPCError 400: TOPIC_CLOSED (caused by SendMediaRequest)
Error sending image: RPCError 400: TOPIC_CLOSED (caused by SendMediaRequest)
Ошибка отправки help image: RPCError 400: TOPIC_CLOSED (caused by SendMediaRequest)
Automatic reconnection failed 5 time(s)
Future exception was never retrieved
future: <Future finished exception=ConnectionError('Connection to Telegram failed 5 time(s)')>
ConnectionError: Connection to Telegram failed 5 time(s)
Task exception was never retrieved
future: <Task finished name='Task-9' coro=<UpdateMethods._dispatch_update() done, defined at /data/data/com.termux/files/usr/lib/python3.12/site-packages/telethon/client/updates.py:521> exception=KeyboardInterrupt()>
Traceback (most recent call last):
  File "/data/data/com.termux/files/usr/lib/python3.12/site-packages/yt_dlp/YoutubeDL.py", line 1668, in wrapper
    return func(self, *args, **kwargs)
           ^^^^^^^^^^^^^^^^^^^^^^^^^^^
  File "/data/data/com.termux/files/usr/lib/python3.12/site-packages/yt_dlp/YoutubeDL.py", line 1803, in __extract_info
    ie_result = ie.extract(url)
                ^^^^^^^^^^^^^^^
  File "/data/data/com.termux/files/usr/lib/python3.12/site-packages/yt_dlp/extractor/common.py", line 762, in extract
    ie_result = self._real_extract(url)
                ^^^^^^^^^^^^^^^^^^^^^^^
  File "/data/data/com.termux/files/usr/lib/python3.12/site-packages/yt_dlp/extractor/tiktok.py", line 910, in _real_extract
    raise ExtractorError('Your IP address is blocked from accessing this post', expected=True)
yt_dlp.utils.ExtractorError: [TikTok] 7542087527205719304: Your IP address is blocked from accessing this post

During handling of the above exception, another exception occurred:

Traceback (most recent call last):
  File "/data/data/com.termux/files/home/sancho-tool/modules/syt.py", line 47, in video_download_handler
    info = ydl.extract_info(url, download=True)
           ^^^^^^^^^^^^^^^^^^^^^^^^^^^^^^^^^^^^
  File "/data/data/com.termux/files/usr/lib/python3.12/site-packages/yt_dlp/YoutubeDL.py", line 1657, in extract_info
    return self.__extract_info(url, self.get_info_extractor(key), download, extra_info, process)
           ^^^^^^^^^^^^^^^^^^^^^^^^^^^^^^^^^^^^^^^^^^^^^^^^^^^^^^^^^^^^^^^^^^^^^^^^^^^^^^^^^^^^^
  File "/data/data/com.termux/files/usr/lib/python3.12/site-packages/yt_dlp/YoutubeDL.py", line 1668, in wrapper
    return func(self, *args, **kwargs)
           ^^^^^^^^^^^^^^^^^^^^^^^^^^^
  File "/data/data/com.termux/files/usr/lib/python3.12/site-packages/yt_dlp/YoutubeDL.py", line 1824, in __extract_info
    return self.process_ie_result(ie_result, download, extra_info)
           ^^^^^^^^^^^^^^^^^^^^^^^^^^^^^^^^^^^^^^^^^^^^^^^^^^^^^^^
  File "/data/data/com.termux/files/usr/lib/python3.12/site-packages/yt_dlp/YoutubeDL.py", line 1903, in process_ie_result
    return self.extract_info(
           ^^^^^^^^^^^^^^^^^^
  File "/data/data/com.termux/files/usr/lib/python3.12/site-packages/yt_dlp/YoutubeDL.py", line 1657, in extract_info
    return self.__extract_info(url, self.get_info_extractor(key), download, extra_info, process)
           ^^^^^^^^^^^^^^^^^^^^^^^^^^^^^^^^^^^^^^^^^^^^^^^^^^^^^^^^^^^^^^^^^^^^^^^^^^^^^^^^^^^^^
  File "/data/data/com.termux/files/usr/lib/python3.12/site-packages/yt_dlp/YoutubeDL.py", line 1686, in wrapper
    self.report_error(str(e), e.format_traceback())
  File "/data/data/com.termux/files/usr/lib/python3.12/site-packages/yt_dlp/YoutubeDL.py", line 1126, in report_error
    self.trouble(f'{self._format_err("ERROR:", self.Styles.ERROR)} {message}', *args, **kwargs)
  File "/data/data/com.termux/files/usr/lib/python3.12/site-packages/yt_dlp/YoutubeDL.py", line 1065, in trouble
    raise DownloadError(message, exc_info)
yt_dlp.utils.DownloadError: [0;31mERROR:[0m [TikTok] 7542087527205719304: Your IP address is blocked from accessing this post

During handling of the above exception, another exception occurred:

Traceback (most recent call last):
  File "/data/data/com.termux/files/usr/lib/python3.12/site-packages/telethon/client/updates.py", line 96, in run_until_disconnected
    return self.loop.run_until_complete(self._run_until_disconnected())
           ^^^^^^^^^^^^^^^^^^^^^^^^^^^^^^^^^^^^^^^^^^^^^^^^^^^^^^^^^^^^
  File "/data/data/com.termux/files/usr/lib/python3.12/asyncio/base_events.py", line 678, in run_until_complete
    self.run_forever()
  File "/data/data/com.termux/files/usr/lib/python3.12/asyncio/base_events.py", line 645, in run_forever
    self._run_once()
  File "/data/data/com.termux/files/usr/lib/python3.12/asyncio/base_events.py", line 1999, in _run_once
    handle._run()
  File "/data/data/com.termux/files/usr/lib/python3.12/asyncio/events.py", line 88, in _run
    self._context.run(self._callback, *self._args)
  File "/data/data/com.termux/files/usr/lib/python3.12/site-packages/telethon/client/updates.py", line 570, in _dispatch_update
    await callback(event)
  File "/data/data/com.termux/files/home/sancho-tool/modules/syt.py", line 51, in video_download_handler
    await self.download_via_api(event, url)
  File "/data/data/com.termux/files/home/sancho-tool/modules/syt.py", line 83, in download_via_api
    video_data = requests.get(video_url, timeout=60).content
                 ^^^^^^^^^^^^^^^^^^^^^^^^^^^^^^^^^^^
  File "/data/data/com.termux/files/usr/lib/python3.12/site-packages/requests/api.py", line 75, in get
    return request('get', url, params=params, **kwargs)
           ^^^^^^^^^^^^^^^^^^^^^^^^^^^^^^^^^^^^^^^^^^^^
  File "/data/data/com.termux/files/usr/lib/python3.12/site-packages/requests/api.py", line 61, in request
    return session.request(method=method, url=url, **kwargs)
           ^^^^^^^^^^^^^^^^^^^^^^^^^^^^^^^^^^^^^^^^^^^^^^^^^
  File "/data/data/com.termux/files/usr/lib/python3.12/site-packages/requests/sessions.py", line 529, in request
    resp = self.send(prep, **send_kwargs)
           ^^^^^^^^^^^^^^^^^^^^^^^^^^^^^^
  File "/data/data/com.termux/files/usr/lib/python3.12/site-packages/requests/sessions.py", line 687, in send
    r.content
  File "/data/data/com.termux/files/usr/lib/python3.12/site-packages/requests/models.py", line 838, in content
    self._content = b''.join(self.iter_content(CONTENT_CHUNK_SIZE)) or b''
                    ^^^^^^^^^^^^^^^^^^^^^^^^^^^^^^^^^^^^^^^^^^^^^^^
  File "/data/data/com.termux/files/usr/lib/python3.12/site-packages/requests/models.py", line 760, in generate
    for chunk in self.raw.stream(chunk_size, decode_content=True):
                 ^^^^^^^^^^^^^^^^^^^^^^^^^^^^^^^^^^^^^^^^^^^^^^^^
  File "/data/data/com.termux/files/usr/lib/python3.12/site-packages/urllib3/response.py", line 628, in stream
    data = self.read(amt=amt, decode_content=decode_content)
           ^^^^^^^^^^^^^^^^^^^^^^^^^^^^^^^^^^^^^^^^^^^^^^^^^
  File "/data/data/com.termux/files/usr/lib/python3.12/site-packages/urllib3/response.py", line 567, in read
    data = self._fp_read(amt) if not fp_closed else b""
           ^^^^^^^^^^^^^^^^^^
  File "/data/data/com.termux/files/usr/lib/python3.12/site-packages/urllib3/response.py", line 533, in _fp_read
    return self._fp.read(amt) if amt is not None else self._fp.read()
           ^^^^^^^^^^^^^^^^^^
  File "/data/data/com.termux/files/usr/lib/python3.12/http/client.py", line 479, in read
    s = self.fp.read(amt)
        ^^^^^^^^^^^^^^^^^
  File "/data/data/com.termux/files/usr/lib/python3.12/socket.py", line 720, in readinto
    return self._sock.recv_into(b)
           ^^^^^^^^^^^^^^^^^^^^^^^
  File "/data/data/com.termux/files/usr/lib/python3.12/ssl.py", line 1251, in recv_into
    return self.read(nbytes, buffer)
           ^^^^^^^^^^^^^^^^^^^^^^^^^
  File "/data/data/com.termux/files/usr/lib/python3.12/ssl.py", line 1103, in read
    return self._sslobj.read(len, buffer)
           ^^^^^^^^^^^^^^^^^^^^^^^^^^^^^^
KeyboardInterrupt
Task exception was never retrieved
future: <Task finished name='Task-31' coro=<UpdateMethods._dispatch_update() done, defined at /data/data/com.termux/files/usr/lib/python3.12/site-packages/telethon/client/updates.py:521> exception=KeyboardInterrupt()>
Traceback (most recent call last):
  File "/data/data/com.termux/files/usr/lib/python3.12/site-packages/telethon/client/updates.py", line 96, in run_until_disconnected
    return self.loop.run_until_complete(self._run_until_disconnected())
           ^^^^^^^^^^^^^^^^^^^^^^^^^^^^^^^^^^^^^^^^^^^^^^^^^^^^^^^^^^^^
  File "/data/data/com.termux/files/usr/lib/python3.12/asyncio/base_events.py", line 678, in run_until_complete
    self.run_forever()
  File "/data/data/com.termux/files/usr/lib/python3.12/asyncio/base_events.py", line 645, in run_forever
    self._run_once()
  File "/data/data/com.termux/files/usr/lib/python3.12/asyncio/base_events.py", line 1999, in _run_once
    handle._run()
  File "/data/data/com.termux/files/usr/lib/python3.12/asyncio/events.py", line 88, in _run
    self._context.run(self._callback, *self._args)
  File "/data/data/com.termux/files/usr/lib/python3.12/site-packages/telethon/client/updates.py", line 570, in _dispatch_update
    await callback(event)
  File "/data/data/com.termux/files/home/sancho-tool/modules/syt.py", line 23, in video_download_handler
    await self.download_youtube(event, url)
  File "/data/data/com.termux/files/home/sancho-tool/modules/syt.py", line 90, in download_youtube
    info = ydl.extract_info(url, download=True)
           ^^^^^^^^^^^^^^^^^^^^^^^^^^^^^^^^^^^^
  File "/data/data/com.termux/files/usr/lib/python3.12/site-packages/yt_dlp/YoutubeDL.py", line 1657, in extract_info
    return self.__extract_info(url, self.get_info_extractor(key), download, extra_info, process)
           ^^^^^^^^^^^^^^^^^^^^^^^^^^^^^^^^^^^^^^^^^^^^^^^^^^^^^^^^^^^^^^^^^^^^^^^^^^^^^^^^^^^^^
  File "/data/data/com.termux/files/usr/lib/python3.12/site-packages/yt_dlp/YoutubeDL.py", line 1668, in wrapper
    return func(self, *args, **kwargs)
           ^^^^^^^^^^^^^^^^^^^^^^^^^^^
  File "/data/data/com.termux/files/usr/lib/python3.12/site-packages/yt_dlp/YoutubeDL.py", line 1824, in __extract_info
    return self.process_ie_result(ie_result, download, extra_info)
           ^^^^^^^^^^^^^^^^^^^^^^^^^^^^^^^^^^^^^^^^^^^^^^^^^^^^^^^
  File "/data/data/com.termux/files/usr/lib/python3.12/site-packages/yt_dlp/YoutubeDL.py", line 1883, in process_ie_result
    ie_result = self.process_video_result(ie_result, download=download)
                ^^^^^^^^^^^^^^^^^^^^^^^^^^^^^^^^^^^^^^^^^^^^^^^^^^^^^^^
  File "/data/data/com.termux/files/usr/lib/python3.12/site-packages/yt_dlp/YoutubeDL.py", line 3065, in process_video_result
    self.process_info(new_info)
  File "/data/data/com.termux/files/usr/lib/python3.12/site-packages/yt_dlp/YoutubeDL.py", line 187, in wrapper
    return func(self, *args, **kwargs)
           ^^^^^^^^^^^^^^^^^^^^^^^^^^^
  File "/data/data/com.termux/files/usr/lib/python3.12/site-packages/yt_dlp/YoutubeDL.py", line 3534, in process_info
    success, real_download = self.dl(temp_filename, info_dict)
                             ^^^^^^^^^^^^^^^^^^^^^^^^^^^^^^^^^
  File "/data/data/com.termux/files/usr/lib/python3.12/site-packages/yt_dlp/YoutubeDL.py", line 3254, in dl
    return fd.download(name, new_info, subtitle)
           ^^^^^^^^^^^^^^^^^^^^^^^^^^^^^^^^^^^^^
  File "/data/data/com.termux/files/usr/lib/python3.12/site-packages/yt_dlp/downloader/common.py", line 480, in download
    ret = self.real_download(filename, info_dict)
          ^^^^^^^^^^^^^^^^^^^^^^^^^^^^^^^^^^^^^^^
  File "/data/data/com.termux/files/usr/lib/python3.12/site-packages/yt_dlp/downloader/http.py", line 371, in real_download
    establish_connection()
  File "/data/data/com.termux/files/usr/lib/python3.12/site-packages/yt_dlp/downloader/http.py", line 122, in establish_connection
    ctx.data = self.ydl.urlopen(request)
               ^^^^^^^^^^^^^^^^^^^^^^^^^
  File "/data/data/com.termux/files/usr/lib/python3.12/site-packages/yt_dlp/YoutubeDL.py", line 4239, in urlopen
    return self._request_director.send(req)
           ^^^^^^^^^^^^^^^^^^^^^^^^^^^^^^^^
  File "/data/data/com.termux/files/usr/lib/python3.12/site-packages/yt_dlp/networking/common.py", line 117, in send
    response = handler.send(request)
               ^^^^^^^^^^^^^^^^^^^^^
  File "/data/data/com.termux/files/usr/lib/python3.12/site-packages/yt_dlp/networking/_helper.py", line 194, in wrapper
    return func(self, *args, **kwargs)
           ^^^^^^^^^^^^^^^^^^^^^^^^^^^
  File "/data/data/com.termux/files/usr/lib/python3.12/site-packages/yt_dlp/networking/common.py", line 359, in send
    return self._send(request)
           ^^^^^^^^^^^^^^^^^^^
  File "/data/data/com.termux/files/usr/lib/python3.12/site-packages/yt_dlp/networking/_urllib.py", line 399, in _send
    res = opener.open(urllib_req, timeout=self._calculate_timeout(request))
          ^^^^^^^^^^^^^^^^^^^^^^^^^^^^^^^^^^^^^^^^^^^^^^^^^^^^^^^^^^^^^^^^^
  File "/data/data/com.termux/files/usr/lib/python3.12/urllib/request.py", line 515, in open
    response = self._open(req, data)
               ^^^^^^^^^^^^^^^^^^^^^
  File "/data/data/com.termux/files/usr/lib/python3.12/urllib/request.py", line 532, in _open
    result = self._call_chain(self.handle_open, protocol, protocol +
             ^^^^^^^^^^^^^^^^^^^^^^^^^^^^^^^^^^^^^^^^^^^^^^^^^^^^^^^
  File "/data/data/com.termux/files/usr/lib/python3.12/urllib/request.py", line 492, in _call_chain
    result = func(*args)
             ^^^^^^^^^^^
  File "/data/data/com.termux/files/usr/lib/python3.12/site-packages/yt_dlp/networking/_urllib.py", line 100, in https_open
    return self.do_open(
           ^^^^^^^^^^^^^
  File "/data/data/com.termux/files/usr/lib/python3.12/urllib/request.py", line 1344, in do_open
    h.request(req.get_method(), req.selector, req.data, headers,
  File "/data/data/com.termux/files/usr/lib/python3.12/http/client.py", line 1338, in request
    self._send_request(method, url, body, headers, encode_chunked)
  File "/data/data/com.termux/files/usr/lib/python3.12/http/client.py", line 1384, in _send_request
    self.endheaders(body, encode_chunked=encode_chunked)
  File "/data/data/com.termux/files/usr/lib/python3.12/http/client.py", line 1333, in endheaders
    self._send_output(message_body, encode_chunked=encode_chunked)
  File "/data/data/com.termux/files/usr/lib/python3.12/http/client.py", line 1093, in _send_output
    self.send(msg)
  File "/data/data/com.termux/files/usr/lib/python3.12/http/client.py", line 1037, in send
    self.connect()
  File "/data/data/com.termux/files/usr/lib/python3.12/http/client.py", line 1479, in connect
    self.sock = self._context.wrap_socket(self.sock,
                ^^^^^^^^^^^^^^^^^^^^^^^^^^^^^^^^^^^^
  File "/data/data/com.termux/files/usr/lib/python3.12/ssl.py", line 455, in wrap_socket
    return self.sslsocket_class._create(
           ^^^^^^^^^^^^^^^^^^^^^^^^^^^^^
  File "/data/data/com.termux/files/usr/lib/python3.12/ssl.py", line 1041, in _create
    self.do_handshake()
  File "/data/data/com.termux/files/usr/lib/python3.12/ssl.py", line 1319, in do_handshake
    self._sslobj.do_handshake()
KeyboardInterrupt
Task exception was never retrieved
future: <Task finished name='Task-10' coro=<UpdateMethods._dispatch_update() done, defined at /data/data/com.termux/files/usr/lib/python3.12/site-packages/telethon/client/updates.py:521> exception=KeyboardInterrupt()>
Traceback (most recent call last):
  File "/data/data/com.termux/files/usr/lib/python3.12/site-packages/telethon/client/updates.py", line 96, in run_until_disconnected
    return self.loop.run_until_complete(self._run_until_disconnected())
           ^^^^^^^^^^^^^^^^^^^^^^^^^^^^^^^^^^^^^^^^^^^^^^^^^^^^^^^^^^^^
  File "/data/data/com.termux/files/usr/lib/python3.12/asyncio/base_events.py", line 678, in run_until_complete
    self.run_forever()
  File "/data/data/com.termux/files/usr/lib/python3.12/asyncio/base_events.py", line 645, in run_forever
    self._run_once()
  File "/data/data/com.termux/files/usr/lib/python3.12/asyncio/base_events.py", line 1999, in _run_once
    handle._run()
  File "/data/data/com.termux/files/usr/lib/python3.12/asyncio/events.py", line 88, in _run
    self._context.run(self._callback, *self._args)
  File "/data/data/com.termux/files/usr/lib/python3.12/site-packages/telethon/client/updates.py", line 570, in _dispatch_update
    await callback(event)
  File "/data/data/com.termux/files/home/sancho-tool/modules/syt.py", line 24, in video_download_handler
    await self.download_youtube(event, url)
  File "/data/data/com.termux/files/home/sancho-tool/modules/syt.py", line 109, in download_youtube
    info = ydl.extract_info(url, download=True)
           ^^^^^^^^^^^^^^^^^^^^^^^^^^^^^^^^^^^^
  File "/data/data/com.termux/files/usr/lib/python3.12/site-packages/yt_dlp/YoutubeDL.py", line 1657, in extract_info
    return self.__extract_info(url, self.get_info_extractor(key), download, extra_info, process)
           ^^^^^^^^^^^^^^^^^^^^^^^^^^^^^^^^^^^^^^^^^^^^^^^^^^^^^^^^^^^^^^^^^^^^^^^^^^^^^^^^^^^^^
  File "/data/data/com.termux/files/usr/lib/python3.12/site-packages/yt_dlp/YoutubeDL.py", line 1668, in wrapper
    return func(self, *args, **kwargs)
           ^^^^^^^^^^^^^^^^^^^^^^^^^^^
  File "/data/data/com.termux/files/usr/lib/python3.12/site-packages/yt_dlp/YoutubeDL.py", line 1824, in __extract_info
    return self.process_ie_result(ie_result, download, extra_info)
           ^^^^^^^^^^^^^^^^^^^^^^^^^^^^^^^^^^^^^^^^^^^^^^^^^^^^^^^
  File "/data/data/com.termux/files/usr/lib/python3.12/site-packages/yt_dlp/YoutubeDL.py", line 1883, in process_ie_result
    ie_result = self.process_video_result(ie_result, download=download)
                ^^^^^^^^^^^^^^^^^^^^^^^^^^^^^^^^^^^^^^^^^^^^^^^^^^^^^^^
  File "/data/data/com.termux/files/usr/lib/python3.12/site-packages/yt_dlp/YoutubeDL.py", line 3065, in process_video_result
    self.process_info(new_info)
  File "/data/data/com.termux/files/usr/lib/python3.12/site-packages/yt_dlp/YoutubeDL.py", line 187, in wrapper
    return func(self, *args, **kwargs)
           ^^^^^^^^^^^^^^^^^^^^^^^^^^^
  File "/data/data/com.termux/files/usr/lib/python3.12/site-packages/yt_dlp/YoutubeDL.py", line 3534, in process_info
    success, real_download = self.dl(temp_filename, info_dict)
                             ^^^^^^^^^^^^^^^^^^^^^^^^^^^^^^^^^
  File "/data/data/com.termux/files/usr/lib/python3.12/site-packages/yt_dlp/YoutubeDL.py", line 3254, in dl
    return fd.download(name, new_info, subtitle)
           ^^^^^^^^^^^^^^^^^^^^^^^^^^^^^^^^^^^^^
  File "/data/data/com.termux/files/usr/lib/python3.12/site-packages/yt_dlp/downloader/common.py", line 480, in download
    ret = self.real_download(filename, info_dict)
          ^^^^^^^^^^^^^^^^^^^^^^^^^^^^^^^^^^^^^^^
  File "/data/data/com.termux/files/usr/lib/python3.12/site-packages/yt_dlp/downloader/http.py", line 372, in real_download
    return download()
           ^^^^^^^^^^
  File "/data/data/com.termux/files/usr/lib/python3.12/site-packages/yt_dlp/downloader/http.py", line 254, in download
    data_block = ctx.data.read(block_size if not is_test else min(block_size, data_len - byte_counter))
                 ^^^^^^^^^^^^^^^^^^^^^^^^^^^^^^^^^^^^^^^^^^^^^^^^^^^^^^^^^^^^^^^^^^^^^^^^^^^^^^^^^^^^^^
  File "/data/data/com.termux/files/usr/lib/python3.12/site-packages/yt_dlp/networking/_urllib.py", line 309, in read
    return self.fp.read(amt)
           ^^^^^^^^^^^^^^^^^
  File "/data/data/com.termux/files/usr/lib/python3.12/http/client.py", line 479, in read
    s = self.fp.read(amt)
        ^^^^^^^^^^^^^^^^^
  File "/data/data/com.termux/files/usr/lib/python3.12/socket.py", line 720, in readinto
    return self._sock.recv_into(b)
           ^^^^^^^^^^^^^^^^^^^^^^^
  File "/data/data/com.termux/files/usr/lib/python3.12/ssl.py", line 1251, in recv_into
    return self.read(nbytes, buffer)
           ^^^^^^^^^^^^^^^^^^^^^^^^^
  File "/data/data/com.termux/files/usr/lib/python3.12/ssl.py", line 1103, in read
    return self._sslobj.read(len, buffer)
           ^^^^^^^^^^^^^^^^^^^^^^^^^^^^^^
KeyboardInterrupt
Task exception was never retrieved
future: <Task finished name='Task-14' coro=<UpdateMethods._dispatch_update() done, defined at /data/data/com.termux/files/usr/lib/python3.12/site-packages/telethon/client/updates.py:521> exception=KeyboardInterrupt()>
Traceback (most recent call last):
  File "/data/data/com.termux/files/usr/lib/python3.12/site-packages/telethon/client/updates.py", line 96, in run_until_disconnected
    return self.loop.run_until_complete(self._run_until_disconnected())
           ^^^^^^^^^^^^^^^^^^^^^^^^^^^^^^^^^^^^^^^^^^^^^^^^^^^^^^^^^^^^
  File "/data/data/com.termux/files/usr/lib/python3.12/asyncio/base_events.py", line 678, in run_until_complete
    self.run_forever()
  File "/data/data/com.termux/files/usr/lib/python3.12/asyncio/base_events.py", line 645, in run_forever
    self._run_once()
  File "/data/data/com.termux/files/usr/lib/python3.12/asyncio/base_events.py", line 1999, in _run_once
    handle._run()
  File "/data/data/com.termux/files/usr/lib/python3.12/asyncio/events.py", line 88, in _run
    self._context.run(self._callback, *self._args)
  File "/data/data/com.termux/files/usr/lib/python3.12/site-packages/telethon/client/updates.py", line 570, in _dispatch_update
    await callback(event)
  File "/data/data/com.termux/files/home/sancho-tool/modules/syt.py", line 24, in video_download_handler
    await self.download_youtube(event, url)
  File "/data/data/com.termux/files/home/sancho-tool/modules/syt.py", line 109, in download_youtube
    info = ydl.extract_info(url, download=True)
           ^^^^^^^^^^^^^^^^^^^^^^^^^^^^^^^^^^^^
  File "/data/data/com.termux/files/usr/lib/python3.12/site-packages/yt_dlp/YoutubeDL.py", line 1657, in extract_info
    return self.__extract_info(url, self.get_info_extractor(key), download, extra_info, process)
           ^^^^^^^^^^^^^^^^^^^^^^^^^^^^^^^^^^^^^^^^^^^^^^^^^^^^^^^^^^^^^^^^^^^^^^^^^^^^^^^^^^^^^
  File "/data/data/com.termux/files/usr/lib/python3.12/site-packages/yt_dlp/YoutubeDL.py", line 1668, in wrapper
    return func(self, *args, **kwargs)
           ^^^^^^^^^^^^^^^^^^^^^^^^^^^
  File "/data/data/com.termux/files/usr/lib/python3.12/site-packages/yt_dlp/YoutubeDL.py", line 1824, in __extract_info
    return self.process_ie_result(ie_result, download, extra_info)
           ^^^^^^^^^^^^^^^^^^^^^^^^^^^^^^^^^^^^^^^^^^^^^^^^^^^^^^^
  File "/data/data/com.termux/files/usr/lib/python3.12/site-packages/yt_dlp/YoutubeDL.py", line 1883, in process_ie_result
    ie_result = self.process_video_result(ie_result, download=download)
                ^^^^^^^^^^^^^^^^^^^^^^^^^^^^^^^^^^^^^^^^^^^^^^^^^^^^^^^
  File "/data/data/com.termux/files/usr/lib/python3.12/site-packages/yt_dlp/YoutubeDL.py", line 3065, in process_video_result
    self.process_info(new_info)
  File "/data/data/com.termux/files/usr/lib/python3.12/site-packages/yt_dlp/YoutubeDL.py", line 187, in wrapper
    return func(self, *args, **kwargs)
           ^^^^^^^^^^^^^^^^^^^^^^^^^^^
  File "/data/data/com.termux/files/usr/lib/python3.12/site-packages/yt_dlp/YoutubeDL.py", line 3534, in process_info
    success, real_download = self.dl(temp_filename, info_dict)
                             ^^^^^^^^^^^^^^^^^^^^^^^^^^^^^^^^^
  File "/data/data/com.termux/files/usr/lib/python3.12/site-packages/yt_dlp/YoutubeDL.py", line 3254, in dl
    return fd.download(name, new_info, subtitle)
           ^^^^^^^^^^^^^^^^^^^^^^^^^^^^^^^^^^^^^
  File "/data/data/com.termux/files/usr/lib/python3.12/site-packages/yt_dlp/downloader/common.py", line 480, in download
    ret = self.real_download(filename, info_dict)
          ^^^^^^^^^^^^^^^^^^^^^^^^^^^^^^^^^^^^^^^
  File "/data/data/com.termux/files/usr/lib/python3.12/site-packages/yt_dlp/downloader/http.py", line 371, in real_download
    establish_connection()
  File "/data/data/com.termux/files/usr/lib/python3.12/site-packages/yt_dlp/downloader/http.py", line 122, in establish_connection
    ctx.data = self.ydl.urlopen(request)
               ^^^^^^^^^^^^^^^^^^^^^^^^^
  File "/data/data/com.termux/files/usr/lib/python3.12/site-packages/yt_dlp/YoutubeDL.py", line 4239, in urlopen
    return self._request_director.send(req)
           ^^^^^^^^^^^^^^^^^^^^^^^^^^^^^^^^
  File "/data/data/com.termux/files/usr/lib/python3.12/site-packages/yt_dlp/networking/common.py", line 117, in send
    response = handler.send(request)
               ^^^^^^^^^^^^^^^^^^^^^
  File "/data/data/com.termux/files/usr/lib/python3.12/site-packages/yt_dlp/networking/_helper.py", line 194, in wrapper
    return func(self, *args, **kwargs)
           ^^^^^^^^^^^^^^^^^^^^^^^^^^^
  File "/data/data/com.termux/files/usr/lib/python3.12/site-packages/yt_dlp/networking/common.py", line 359, in send
    return self._send(request)
           ^^^^^^^^^^^^^^^^^^^
  File "/data/data/com.termux/files/usr/lib/python3.12/site-packages/yt_dlp/networking/_urllib.py", line 399, in _send
    res = opener.open(urllib_req, timeout=self._calculate_timeout(request))
          ^^^^^^^^^^^^^^^^^^^^^^^^^^^^^^^^^^^^^^^^^^^^^^^^^^^^^^^^^^^^^^^^^
  File "/data/data/com.termux/files/usr/lib/python3.12/urllib/request.py", line 515, in open
    response = self._open(req, data)
               ^^^^^^^^^^^^^^^^^^^^^
  File "/data/data/com.termux/files/usr/lib/python3.12/urllib/request.py", line 532, in _open
    result = self._call_chain(self.handle_open, protocol, protocol +
             ^^^^^^^^^^^^^^^^^^^^^^^^^^^^^^^^^^^^^^^^^^^^^^^^^^^^^^^
  File "/data/data/com.termux/files/usr/lib/python3.12/urllib/request.py", line 492, in _call_chain
    result = func(*args)
             ^^^^^^^^^^^
  File "/data/data/com.termux/files/usr/lib/python3.12/site-packages/yt_dlp/networking/_urllib.py", line 100, in https_open
    return self.do_open(
           ^^^^^^^^^^^^^
  File "/data/data/com.termux/files/usr/lib/python3.12/urllib/request.py", line 1348, in do_open
    r = h.getresponse()
        ^^^^^^^^^^^^^^^
  File "/data/data/com.termux/files/usr/lib/python3.12/http/client.py", line 1430, in getresponse
    response.begin()
  File "/data/data/com.termux/files/usr/lib/python3.12/http/client.py", line 331, in begin
    version, status, reason = self._read_status()
                              ^^^^^^^^^^^^^^^^^^^
  File "/data/data/com.termux/files/usr/lib/python3.12/http/client.py", line 292, in _read_status
    line = str(self.fp.readline(_MAXLINE + 1), "iso-8859-1")
               ^^^^^^^^^^^^^^^^^^^^^^^^^^^^^^
  File "/data/data/com.termux/files/usr/lib/python3.12/socket.py", line 720, in readinto
    return self._sock.recv_into(b)
           ^^^^^^^^^^^^^^^^^^^^^^^
  File "/data/data/com.termux/files/usr/lib/python3.12/ssl.py", line 1251, in recv_into
    return self.read(nbytes, buffer)
           ^^^^^^^^^^^^^^^^^^^^^^^^^
  File "/data/data/com.termux/files/usr/lib/python3.12/ssl.py", line 1103, in read
    return self._sslobj.read(len, buffer)
           ^^^^^^^^^^^^^^^^^^^^^^^^^^^^^^
KeyboardInterrupt
Task exception was never retrieved
future: <Task finished name='Task-9' coro=<UpdateMethods._dispatch_update() done, defined at /data/data/com.termux/files/usr/lib/python3.12/site-packages/telethon/client/updates.py:521> exception=KeyboardInterrupt()>
Traceback (most recent call last):
  File "/data/data/com.termux/files/usr/lib/python3.12/site-packages/telethon/client/updates.py", line 96, in run_until_disconnected
    return self.loop.run_until_complete(self._run_until_disconnected())
           ^^^^^^^^^^^^^^^^^^^^^^^^^^^^^^^^^^^^^^^^^^^^^^^^^^^^^^^^^^^^
  File "/data/data/com.termux/files/usr/lib/python3.12/asyncio/base_events.py", line 678, in run_until_complete
    self.run_forever()
  File "/data/data/com.termux/files/usr/lib/python3.12/asyncio/base_events.py", line 645, in run_forever
    self._run_once()
  File "/data/data/com.termux/files/usr/lib/python3.12/asyncio/base_events.py", line 1999, in _run_once
    handle._run()
  File "/data/data/com.termux/files/usr/lib/python3.12/asyncio/events.py", line 88, in _run
    self._context.run(self._callback, *self._args)
  File "/data/data/com.termux/files/usr/lib/python3.12/site-packages/telethon/client/updates.py", line 570, in _dispatch_update
    await callback(event)
  File "/data/data/com.termux/files/home/sancho-tool/modules/syt.py", line 34, in video_download_handler
    await self.download_youtube_shorts(event, url)
  File "/data/data/com.termux/files/home/sancho-tool/modules/syt.py", line 132, in download_youtube_shorts
    info = ydl.extract_info(url, download=True)
           ^^^^^^^^^^^^^^^^^^^^^^^^^^^^^^^^^^^^
  File "/data/data/com.termux/files/usr/lib/python3.12/site-packages/yt_dlp/YoutubeDL.py", line 1657, in extract_info
    return self.__extract_info(url, self.get_info_extractor(key), download, extra_info, process)
           ^^^^^^^^^^^^^^^^^^^^^^^^^^^^^^^^^^^^^^^^^^^^^^^^^^^^^^^^^^^^^^^^^^^^^^^^^^^^^^^^^^^^^
  File "/data/data/com.termux/files/usr/lib/python3.12/site-packages/yt_dlp/YoutubeDL.py", line 1668, in wrapper
    return func(self, *args, **kwargs)
           ^^^^^^^^^^^^^^^^^^^^^^^^^^^
  File "/data/data/com.termux/files/usr/lib/python3.12/site-packages/yt_dlp/YoutubeDL.py", line 1824, in __extract_info
    return self.process_ie_result(ie_result, download, extra_info)
           ^^^^^^^^^^^^^^^^^^^^^^^^^^^^^^^^^^^^^^^^^^^^^^^^^^^^^^^
  File "/data/data/com.termux/files/usr/lib/python3.12/site-packages/yt_dlp/YoutubeDL.py", line 1883, in process_ie_result
    ie_result = self.process_video_result(ie_result, download=download)
                ^^^^^^^^^^^^^^^^^^^^^^^^^^^^^^^^^^^^^^^^^^^^^^^^^^^^^^^
  File "/data/data/com.termux/files/usr/lib/python3.12/site-packages/yt_dlp/YoutubeDL.py", line 3065, in process_video_result
    self.process_info(new_info)
  File "/data/data/com.termux/files/usr/lib/python3.12/site-packages/yt_dlp/YoutubeDL.py", line 187, in wrapper
    return func(self, *args, **kwargs)
           ^^^^^^^^^^^^^^^^^^^^^^^^^^^
  File "/data/data/com.termux/files/usr/lib/python3.12/site-packages/yt_dlp/YoutubeDL.py", line 3534, in process_info
    success, real_download = self.dl(temp_filename, info_dict)
                             ^^^^^^^^^^^^^^^^^^^^^^^^^^^^^^^^^
  File "/data/data/com.termux/files/usr/lib/python3.12/site-packages/yt_dlp/YoutubeDL.py", line 3254, in dl
    return fd.download(name, new_info, subtitle)
           ^^^^^^^^^^^^^^^^^^^^^^^^^^^^^^^^^^^^^
  File "/data/data/com.termux/files/usr/lib/python3.12/site-packages/yt_dlp/downloader/common.py", line 480, in download
    ret = self.real_download(filename, info_dict)
          ^^^^^^^^^^^^^^^^^^^^^^^^^^^^^^^^^^^^^^^
  File "/data/data/com.termux/files/usr/lib/python3.12/site-packages/yt_dlp/downloader/http.py", line 371, in real_download
    establish_connection()
  File "/data/data/com.termux/files/usr/lib/python3.12/site-packages/yt_dlp/downloader/http.py", line 122, in establish_connection
    ctx.data = self.ydl.urlopen(request)
               ^^^^^^^^^^^^^^^^^^^^^^^^^
  File "/data/data/com.termux/files/usr/lib/python3.12/site-packages/yt_dlp/YoutubeDL.py", line 4239, in urlopen
    return self._request_director.send(req)
           ^^^^^^^^^^^^^^^^^^^^^^^^^^^^^^^^
  File "/data/data/com.termux/files/usr/lib/python3.12/site-packages/yt_dlp/networking/common.py", line 117, in send
    response = handler.send(request)
               ^^^^^^^^^^^^^^^^^^^^^
  File "/data/data/com.termux/files/usr/lib/python3.12/site-packages/yt_dlp/networking/_helper.py", line 194, in wrapper
    return func(self, *args, **kwargs)
           ^^^^^^^^^^^^^^^^^^^^^^^^^^^
  File "/data/data/com.termux/files/usr/lib/python3.12/site-packages/yt_dlp/networking/common.py", line 359, in send
    return self._send(request)
           ^^^^^^^^^^^^^^^^^^^
  File "/data/data/com.termux/files/usr/lib/python3.12/site-packages/yt_dlp/networking/_urllib.py", line 399, in _send
    res = opener.open(urllib_req, timeout=self._calculate_timeout(request))
          ^^^^^^^^^^^^^^^^^^^^^^^^^^^^^^^^^^^^^^^^^^^^^^^^^^^^^^^^^^^^^^^^^
  File "/data/data/com.termux/files/usr/lib/python3.12/urllib/request.py", line 515, in open
    response = self._open(req, data)
               ^^^^^^^^^^^^^^^^^^^^^
  File "/data/data/com.termux/files/usr/lib/python3.12/urllib/request.py", line 532, in _open
    result = self._call_chain(self.handle_open, protocol, protocol +
             ^^^^^^^^^^^^^^^^^^^^^^^^^^^^^^^^^^^^^^^^^^^^^^^^^^^^^^^
  File "/data/data/com.termux/files/usr/lib/python3.12/urllib/request.py", line 492, in _call_chain
    result = func(*args)
             ^^^^^^^^^^^
  File "/data/data/com.termux/files/usr/lib/python3.12/site-packages/yt_dlp/networking/_urllib.py", line 100, in https_open
    return self.do_open(
           ^^^^^^^^^^^^^
  File "/data/data/com.termux/files/usr/lib/python3.12/urllib/request.py", line 1348, in do_open
    r = h.getresponse()
        ^^^^^^^^^^^^^^^
  File "/data/data/com.termux/files/usr/lib/python3.12/http/client.py", line 1430, in getresponse
    response.begin()
  File "/data/data/com.termux/files/usr/lib/python3.12/http/client.py", line 331, in begin
    version, status, reason = self._read_status()
                              ^^^^^^^^^^^^^^^^^^^
  File "/data/data/com.termux/files/usr/lib/python3.12/http/client.py", line 292, in _read_status
    line = str(self.fp.readline(_MAXLINE + 1), "iso-8859-1")
               ^^^^^^^^^^^^^^^^^^^^^^^^^^^^^^
  File "/data/data/com.termux/files/usr/lib/python3.12/socket.py", line 720, in readinto
    return self._sock.recv_into(b)
           ^^^^^^^^^^^^^^^^^^^^^^^
  File "/data/data/com.termux/files/usr/lib/python3.12/ssl.py", line 1251, in recv_into
    return self.read(nbytes, buffer)
           ^^^^^^^^^^^^^^^^^^^^^^^^^
  File "/data/data/com.termux/files/usr/lib/python3.12/ssl.py", line 1103, in read
    return self._sslobj.read(len, buffer)
           ^^^^^^^^^^^^^^^^^^^^^^^^^^^^^^
KeyboardInterrupt
